  menu.cpp
A:\GitHub\OOP\Lab 1\Part1.h(17,1): warning C4267: return: преобразование из "size_t" в "int"; возможна потеря данных
A:\GitHub\OOP\Lab 1\Part1.h(17): message : во время компиляции функции-члена класс шаблон "int Part1<int>::GetVectorSize(void)"
A:\GitHub\OOP\Lab 1\Functions.h(680): message : выполняется компиляция ссылки на экземпляр шаблон функции "int Part1<int>::GetVectorSize(void)"
A:\GitHub\OOP\Lab 1\Functions.h(215): message : выполняется компиляция ссылки на экземпляр класс шаблон функции "Part1<int>"
A:\GitHub\OOP\Lab 1\Functions.h(198): message : во время компиляции функции-члена класс шаблон "void Functions<int,Part1<int>>::Find_vect(int)"
A:\GitHub\OOP\Lab 1\menu.cpp(213): message : выполняется компиляция ссылки на экземпляр шаблон функции "void Functions<int,Part1<int>>::Find_vect(int)"
A:\GitHub\OOP\Lab 1\menu.cpp(187): message : выполняется компиляция ссылки на экземпляр класс шаблон функции "Functions<int,Part1<int>>"
A:\GitHub\OOP\Lab 1\BookFunctions.h(145): warning C4715: BookFunctions<std::basic_string<char,std::char_traits<char>,std::allocator<char> >,Book>::FindPrivateId: значение возвращается не при всех путях выполнения
A:\GitHub\OOP\Lab 1\HeroFunctions.h(181): warning C4715: HeroFunctions<std::basic_string<char,std::char_traits<char>,std::allocator<char> >,Hero>::FindPrivateId: значение возвращается не при всех путях выполнения
A:\GitHub\OOP\Lab 1\BookFunctions.h(99): warning C4715: BookFunctions<std::basic_string<char,std::char_traits<char>,std::allocator<char> >,Book>::FindPrivate: значение возвращается не при всех путях выполнения
A:\GitHub\OOP\Lab 1\HeroFunctions.h(123): warning C4715: HeroFunctions<std::basic_string<char,std::char_traits<char>,std::allocator<char> >,Hero>::FindPrivate: значение возвращается не при всех путях выполнения
A:\GitHub\OOP\Lab 1\Functions.h(427): warning C4715: Functions<double,Part1<double> >::FindByTheWayPrivate: значение возвращается не при всех путях выполнения
A:\GitHub\OOP\Lab 1\Functions.h(528): warning C4715: Functions<double,Part1<double> >::FindPrivate1: значение возвращается не при всех путях выполнения
A:\GitHub\OOP\Lab 1\Functions.h(548): warning C4715: Functions<double,Part1<double> >::FindPrivate2: значение возвращается не при всех путях выполнения
A:\GitHub\OOP\Lab 1\Functions.h(579): warning C4715: Functions<double,Part1<double> >::FindPrivate3: значение возвращается не при всех путях выполнения
A:\GitHub\OOP\Lab 1\Functions.h(598): warning C4715: Functions<double,Part1<double> >::FindPrivateId: значение возвращается не при всех путях выполнения
A:\GitHub\OOP\Lab 1\Functions.h(716): warning C4715: Functions<double,Part1<double> >::FindPrivate1_vect: значение возвращается не при всех путях выполнения
A:\GitHub\OOP\Lab 1\Functions.h(740): warning C4715: Functions<double,Part1<double> >::FindPrivate2_vect: значение возвращается не при всех путях выполнения
A:\GitHub\OOP\Lab 1\Functions.h(427): warning C4715: Functions<int,Part1<int> >::FindByTheWayPrivate: значение возвращается не при всех путях выполнения
A:\GitHub\OOP\Lab 1\Functions.h(772): warning C4715: Functions<double,Part1<double> >::FindPrivate3_vect: значение возвращается не при всех путях выполнения
A:\GitHub\OOP\Lab 1\Functions.h(528): warning C4715: Functions<int,Part1<int> >::FindPrivate1: значение возвращается не при всех путях выполнения
A:\GitHub\OOP\Lab 1\Functions.h(548): warning C4715: Functions<int,Part1<int> >::FindPrivate2: значение возвращается не при всех путях выполнения
A:\GitHub\OOP\Lab 1\Functions.h(579): warning C4715: Functions<int,Part1<int> >::FindPrivate3: значение возвращается не при всех путях выполнения
A:\GitHub\OOP\Lab 1\Functions.h(598): warning C4715: Functions<int,Part1<int> >::FindPrivateId: значение возвращается не при всех путях выполнения
A:\GitHub\OOP\Lab 1\Functions.h(716): warning C4715: Functions<int,Part1<int> >::FindPrivate1_vect: значение возвращается не при всех путях выполнения
A:\GitHub\OOP\Lab 1\Functions.h(740): warning C4715: Functions<int,Part1<int> >::FindPrivate2_vect: значение возвращается не при всех путях выполнения
A:\GitHub\OOP\Lab 1\Functions.h(772): warning C4715: Functions<int,Part1<int> >::FindPrivate3_vect: значение возвращается не при всех путях выполнения
A:\GitHub\OOP\Lab 1\Functions.h(427): warning C4715: Functions<std::basic_string<char,std::char_traits<char>,std::allocator<char> >,Part1<std::basic_string<char,std::char_traits<char>,std::allocator<char> > > >::FindByTheWayPrivate: значение возвращается не при всех путях выполнения
A:\GitHub\OOP\Lab 1\Functions.h(528): warning C4715: Functions<std::basic_string<char,std::char_traits<char>,std::allocator<char> >,Part1<std::basic_string<char,std::char_traits<char>,std::allocator<char> > > >::FindPrivate1: значение возвращается не при всех путях выполнения
A:\GitHub\OOP\Lab 1\Functions.h(548): warning C4715: Functions<std::basic_string<char,std::char_traits<char>,std::allocator<char> >,Part1<std::basic_string<char,std::char_traits<char>,std::allocator<char> > > >::FindPrivate2: значение возвращается не при всех путях выполнения
A:\GitHub\OOP\Lab 1\Functions.h(579): warning C4715: Functions<std::basic_string<char,std::char_traits<char>,std::allocator<char> >,Part1<std::basic_string<char,std::char_traits<char>,std::allocator<char> > > >::FindPrivate3: значение возвращается не при всех путях выполнения
A:\GitHub\OOP\Lab 1\Functions.h(598): warning C4715: Functions<std::basic_string<char,std::char_traits<char>,std::allocator<char> >,Part1<std::basic_string<char,std::char_traits<char>,std::allocator<char> > > >::FindPrivateId: значение возвращается не при всех путях выполнения
A:\GitHub\OOP\Lab 1\Functions.h(716): warning C4715: Functions<std::basic_string<char,std::char_traits<char>,std::allocator<char> >,Part1<std::basic_string<char,std::char_traits<char>,std::allocator<char> > > >::FindPrivate1_vect: значение возвращается не при всех путях выполнения
A:\GitHub\OOP\Lab 1\Functions.h(740): warning C4715: Functions<std::basic_string<char,std::char_traits<char>,std::allocator<char> >,Part1<std::basic_string<char,std::char_traits<char>,std::allocator<char> > > >::FindPrivate2_vect: значение возвращается не при всех путях выполнения
A:\GitHub\OOP\Lab 1\Functions.h(772): warning C4715: Functions<std::basic_string<char,std::char_traits<char>,std::allocator<char> >,Part1<std::basic_string<char,std::char_traits<char>,std::allocator<char> > > >::FindPrivate3_vect: значение возвращается не при всех путях выполнения
  Lab1.vcxproj -> A:\GitHub\OOP\Lab 1\x64\Debug\Lab1.exe
